<?xml version="1.0" encoding="UTF-8"?>
<!-- Generated by org.testng.reporters.JUnitXMLReporter -->
<testsuite ignored="0" hostname="DESKTOP-IG04FIH" failures="0" tests="4" name="regression test" time="0.066" errors="0" timestamp="2024-03-04T10:04:20 IST">
  <testcase classname="RegressionSuite.RegOne" name="regTestOne_1" time="0.008"/>
  <testcase classname="RegressionSuite.RegOne" name="regTestOne_2" time="0.0"/>
  <testcase classname="RegressionSuite.RegTwo" name="regTestTwo_1" time="0.001"/>
  <testcase classname="RegressionSuite.RegTwo" name="regTestTwo_2" time="0.001"/>
</testsuite> <!-- regression test -->
