<?xml version="1.0" encoding="UTF-8"?>
<testsuite xmlns:xsi="http://www.w3.org/2001/XMLSchema-instance" xsi:noNamespaceSchemaLocation="https://maven.apache.org/surefire/maven-surefire-plugin/xsd/surefire-test-report-3.0.xsd" version="3.0" name="TestSuite" time="0.729" tests="4" errors="0" skipped="0" failures="0">
  <properties>
[...]
</properties>
  <testcase name="regTestOne_1" classname="RegressionSuite.RegOne" time="0.004">
    <system-out><![CDATA[comes into before suite
in QA
Chrome driver setup done
QA URL Launched
comes into before suite
in QA
Chrome driver setup done
QA URL Launched
regTestOne_1
]]></system-out>
    <system-err><![CDATA[SLF4J: Failed to load class "org.slf4j.impl.StaticLoggerBinder".
SLF4J: Defaulting to no-operation (NOP) logger implementation
SLF4J: See http://www.slf4j.org/codes.html#StaticLoggerBinder for further details.
]]></system-err>
  </testcase>
  <testcase name="regTestOne_2" classname="RegressionSuite.RegOne" time="0">
    <system-out><![CDATA[regTestOne_2
]]></system-out>
  </testcase>
  <testcase name="regTestTwo_1" classname="RegressionSuite.RegTwo" time="0.001">
    <system-out><![CDATA[regTestTwo_1
]]></system-out>
  </testcase>
  <testcase name="regTestTwo_2" classname="RegressionSuite.RegTwo" time="0">
    <system-out><![CDATA[regTestTwo_2
]]></system-out>
  </testcase>
</testsuite>