<?xml version="1.0" encoding="UTF-8"?>
<testng-results ignored="0" total="2" passed="2" failed="0" skipped="0">
  <reporter-output>
  </reporter-output>
  <suite started-at="2024-03-03T21:05:39 IST" name="Regression suite test" finished-at="2024-03-03T21:05:40 IST" duration-ms="109">
    <groups>
    </groups>
    <test started-at="2024-03-03T21:05:39 IST" name="regression test" finished-at="2024-03-03T21:05:40 IST" duration-ms="109">
      <class name="RegressionSuite.RegOne">
        <test-method signature="regTestOne_1()[pri:0, instance:RegressionSuite.RegOne@1184ab05]" started-at="2024-03-03T21:05:40 IST" name="regTestOne_1" finished-at="2024-03-03T21:05:40 IST" duration-ms="16" status="PASS">
          <reporter-output>
          </reporter-output>
        </test-method> <!-- regTestOne_1 -->
        <test-method signature="regTestOne_2()[pri:0, instance:RegressionSuite.RegOne@1184ab05]" started-at="2024-03-03T21:05:40 IST" name="regTestOne_2" finished-at="2024-03-03T21:05:40 IST" duration-ms="0" status="PASS">
          <reporter-output>
          </reporter-output>
        </test-method> <!-- regTestOne_2 -->
      </class> <!-- RegressionSuite.RegOne -->
    </test> <!-- regression test -->
  </suite> <!-- Regression suite test -->
</testng-results>
